2026-07-07 09:12:25,368 CRIT Supervisor is running as root.  Privileges were not dropped because no user is specified in the config file.  If you intend to run as root, you can set user=root in the config file to avoid this message.
2026-07-07 09:12:25,368 INFO Included extra file "/tmp/appsmith/supervisor-conf.d/backend.conf" during parsing
2026-07-07 09:12:25,368 INFO Included extra file "/tmp/appsmith/supervisor-conf.d/editor.conf" during parsing
2026-07-07 09:12:25,368 INFO Included extra file "/tmp/appsmith/supervisor-conf.d/mongodb.conf" during parsing
2026-07-07 09:12:25,368 INFO Included extra file "/tmp/appsmith/supervisor-conf.d/postgres.conf" during parsing
2026-07-07 09:12:25,368 INFO Included extra file "/tmp/appsmith/supervisor-conf.d/redis.conf" during parsing
2026-07-07 09:12:25,368 INFO Included extra file "/tmp/appsmith/supervisor-conf.d/rts.conf" during parsing
2026-07-07 09:12:25,371 INFO RPC interface 'supervisor' initialized
2026-07-07 09:12:25,371 CRIT Server 'unix_http_server' running without any HTTP authentication checking
2026-07-07 09:12:25,371 INFO supervisord started with pid 1
2026-07-07 09:12:25,986 INFO spawned: 'stdout' with pid 1698
2026-07-07 09:12:25,986 INFO spawned: 'redis' with pid 1699
2026-07-07 09:12:25,987 INFO spawned: 'mongodb' with pid 1700
2026-07-07 09:12:25,988 INFO spawned: 'rts' with pid 1701
2026-07-07 09:12:25,988 INFO spawned: 'backend' with pid 1702
2026-07-07 09:12:25,989 INFO spawned: 'editor' with pid 1703
2026-07-07 09:12:25,990 INFO spawned: 'postgres' with pid 1704
2026-07-07 09:12:25,991 INFO success: redis entered RUNNING state, process has stayed up for > than 0 seconds (startsecs)
2026-07-07 09:12:25,991 INFO success: rts entered RUNNING state, process has stayed up for > than 0 seconds (startsecs)
2026-07-07 09:12:25,991 INFO success: editor entered RUNNING state, process has stayed up for > than 0 seconds (startsecs)
2026-07-07 09:12:26,171 INFO reaped unknown pid 81 (exit status 0)
2026-07-07 09:12:27,028 INFO success: stdout entered RUNNING state, process has stayed up for > than 1 seconds (startsecs)
2026-07-07 09:12:27,029 INFO success: postgres entered RUNNING state, process has stayed up for > than 1 seconds (startsecs)
2026-07-07 09:12:36,161 INFO success: mongodb entered RUNNING state, process has stayed up for > than 10 seconds (startsecs)
2026-07-07 09:12:37,688 INFO reaped unknown pid 115 (exit status 0)
2026-07-07 09:12:46,081 INFO success: backend entered RUNNING state, process has stayed up for > than 20 seconds (startsecs)
2026-07-07 09:12:46,081 WARN received SIGTERM indicating exit request
2026-07-07 09:12:46,082 INFO waiting for stdout, redis, mongodb, rts, backend, editor, postgres to die
2026-07-07 09:12:46,118 INFO stopped: postgres (exit status 0)
2026-07-07 09:12:46,125 WARN stopped: editor (exit status 2)
2026-07-07 09:12:49,305 INFO waiting for stdout, redis, mongodb, rts, backend to die
2026-07-07 09:12:50,864 WARN stopped: backend (exit status 143)
2026-07-07 09:12:50,864 INFO reaped unknown pid 1893 (exit status 0)
2026-07-07 09:12:50,871 WARN stopped: rts (terminated by SIGTERM)
2026-07-07 09:12:51,575 INFO stopped: mongodb (exit status 0)
2026-07-07 09:12:51,665 INFO stopped: redis (exit status 0)
2026-07-07 09:12:51,667 WARN stopped: stdout (terminated by SIGTERM)
