APPSMITH_GIT_ROOT: /appsmith-stacks/git-storage
{"level":"info","ts":1783415546.1279647,"msg":"using config from file","file":"/tmp/appsmith/Caddyfile"}
{"level":"info","ts":1783415546.1315417,"msg":"adapted config to JSON","adapter":"caddyfile"}
{"level":"info","ts":1783415546.1709335,"msg":"maxprocs: Leaving GOMAXPROCS=12: CPU quota undefined"}
{"level":"info","ts":1783415546.17095,"msg":"GOMEMLIMIT is updated","GOMEMLIMIT":14792162918,"previous":9223372036854775807}
{"level":"info","ts":1783415546.1709547,"msg":"using config from file","file":"/tmp/appsmith/Caddyfile"}
{"level":"info","ts":1783415546.1709576,"msg":"adapted config to JSON","adapter":"caddyfile"}
{"level":"info","ts":1783415546.1714284,"logger":"admin","msg":"admin endpoint started","address":"unix//tmp/appsmith/caddy.sock","enforce_origin":false,"origins":[]}
{"level":"warn","ts":1783415546.1714425,"logger":"admin","msg":"admin endpoint on open interface; host checking disabled","address":"unix//tmp/appsmith/caddy.sock"}
{"level":"info","ts":1783415546.1717672,"logger":"tls.cache.maintenance","msg":"started background certificate maintenance","cache":"0x293865e88080"}
{"level":"warn","ts":1783415546.1803002,"logger":"http.auto_https","msg":"server is listening only on the HTTP port, so no automatic HTTPS will be applied to this server","server_name":"srv1","http_port":80}
{"level":"warn","ts":1783415546.182699,"logger":"http","msg":"HTTP/2 skipped because it requires TLS","network":"tcp","addr":":2019"}
{"level":"warn","ts":1783415546.1827111,"logger":"http","msg":"HTTP/3 skipped because it requires TLS","network":"tcp","addr":":2019"}
{"level":"info","ts":1783415546.182713,"logger":"http.log","msg":"server running","name":"srv0","protocols":["h1","h2","h3"]}
{"level":"warn","ts":1783415546.1827285,"logger":"http","msg":"HTTP/2 skipped because it requires TLS","network":"tcp","addr":":80"}
{"level":"warn","ts":1783415546.18273,"logger":"http","msg":"HTTP/3 skipped because it requires TLS","network":"tcp","addr":":80"}
{"level":"info","ts":1783415546.182731,"logger":"http.log","msg":"server running","name":"srv1","protocols":["h1","h2","h3"]}
{"level":"info","ts":1783415546.1827505,"msg":"serving initial configuration"}
{"level":"info","ts":1783415546.1839795,"logger":"tls","msg":"storage cleaning happened too recently; skipping for now","storage":"FileStorage:/appsmith-stacks/data/caddy","instance":"d274cb91-d266-486a-a20a-33ea6acfd7e6","try_again":1783501946.1839774,"try_again_in":86399.999999607}
{"level":"info","ts":1783415546.1840708,"logger":"tls","msg":"finished cleaning storage units"}
{"level":"info","ts":1783415566.1188662,"msg":"quitting process immediately","signal":"SIGQUIT"}
